This is pdfTeX, Version 3.1415926-2.5-1.40.14 (TeX Live 2013) (format=pdflatex 2014.3.29)  8 FEB 2015 18:06
entering extended mode
 restricted \write18 enabled.
 %&-line parsing enabled.
**index.tex
(./index.tex
LaTeX2e <2011/06/27>
Babel <3.9f> and hyphenation patterns for 78 languages loaded.
(/usr/local/texlive/2013/texmf-dist/tex/latex/base/article.cls
Document Class: article 2007/10/19 v1.4h Standard LaTeX document class
(/usr/local/texlive/2013/texmf-dist/tex/latex/base/size10.clo
File: size10.clo 2007/10/19 v1.4h Standard LaTeX file (size option)
)
\c@part=\count79
\c@section=\count80
\c@subsection=\count81
\c@subsubsection=\count82
\c@paragraph=\count83
\c@subparagraph=\count84
\c@figure=\count85
\c@table=\count86
\abovecaptionskip=\skip41
\belowcaptionskip=\skip42
\bibindent=\dimen102
)
(/usr/local/texlive/2013/texmf-dist/tex/latex/hyperref/hyperref.sty
Package: hyperref 2012/11/06 v6.83m Hypertext links for LaTeX

(/usr/local/texlive/2013/texmf-dist/tex/generic/oberdiek/hobsub-hyperref.sty
Package: hobsub-hyperref 2012/05/28 v1.13 Bundle oberdiek, subset hyperref (HO)


(/usr/local/texlive/2013/texmf-dist/tex/generic/oberdiek/hobsub-generic.sty
Package: hobsub-generic 2012/05/28 v1.13 Bundle oberdiek, subset generic (HO)
Package: hobsub 2012/05/28 v1.13 Construct package bundles (HO)
Package: infwarerr 2010/04/08 v1.3 Providing info/warning/error messages (HO)
Package: ltxcmds 2011/11/09 v1.22 LaTeX kernel commands for general use (HO)
Package: ifluatex 2010/03/01 v1.3 Provides the ifluatex switch (HO)
Package ifluatex Info: LuaTeX not detected.
Package: ifvtex 2010/03/01 v1.5 Detect VTeX and its facilities (HO)
Package ifvtex Info: VTeX not detected.
Package: intcalc 2007/09/27 v1.1 Expandable calculations with integers (HO)
Package: ifpdf 2011/01/30 v2.3 Provides the ifpdf switch (HO)
Package ifpdf Info: pdfTeX in PDF mode is detected.
Package: etexcmds 2011/02/16 v1.5 Avoid name clashes with e-TeX commands (HO)
Package etexcmds Info: Could not find \expanded.
(etexcmds)             That can mean that you are not using pdfTeX 1.50 or
(etexcmds)             that some package has redefined \expanded.
(etexcmds)             In the latter case, load this package earlier.
Package: kvsetkeys 2012/04/25 v1.16 Key value parser (HO)
Package: kvdefinekeys 2011/04/07 v1.3 Define keys (HO)
Package: pdftexcmds 2011/11/29 v0.20 Utility functions of pdfTeX for LuaTeX (HO
)
Package pdftexcmds Info: LuaTeX not detected.
Package pdftexcmds Info: \pdf@primitive is available.
Package pdftexcmds Info: \pdf@ifprimitive is available.
Package pdftexcmds Info: \pdfdraftmode found.
Package: pdfescape 2011/11/25 v1.13 Implements pdfTeX's escape features (HO)
Package: bigintcalc 2012/04/08 v1.3 Expandable calculations on big integers (HO
)
Package: bitset 2011/01/30 v1.1 Handle bit-vector datatype (HO)
Package: uniquecounter 2011/01/30 v1.2 Provide unlimited unique counter (HO)
)
Package hobsub Info: Skipping package `hobsub' (already loaded).
Package: letltxmacro 2010/09/02 v1.4 Let assignment for LaTeX macros (HO)
Package: hopatch 2012/05/28 v1.2 Wrapper for package hooks (HO)
Package: xcolor-patch 2011/01/30 xcolor patch
Package: atveryend 2011/06/30 v1.8 Hooks at the very end of document (HO)
Package atveryend Info: \enddocument detected (standard20110627).
Package: atbegshi 2011/10/05 v1.16 At begin shipout hook (HO)
Package: refcount 2011/10/16 v3.4 Data extraction from label references (HO)
Package: hycolor 2011/01/30 v1.7 Color options for hyperref/bookmark (HO)
)
(/usr/local/texlive/2013/texmf-dist/tex/latex/graphics/keyval.sty
Package: keyval 1999/03/16 v1.13 key=value parser (DPC)
\KV@toks@=\toks14
)
(/usr/local/texlive/2013/texmf-dist/tex/generic/ifxetex/ifxetex.sty
Package: ifxetex 2010/09/12 v0.6 Provides ifxetex conditional
)
(/usr/local/texlive/2013/texmf-dist/tex/latex/oberdiek/auxhook.sty
Package: auxhook 2011/03/04 v1.3 Hooks for auxiliary files (HO)
)
(/usr/local/texlive/2013/texmf-dist/tex/latex/oberdiek/kvoptions.sty
Package: kvoptions 2011/06/30 v3.11 Key value format for package options (HO)
)
\@linkdim=\dimen103
\Hy@linkcounter=\count87
\Hy@pagecounter=\count88

(/usr/local/texlive/2013/texmf-dist/tex/latex/hyperref/pd1enc.def
File: pd1enc.def 2012/11/06 v6.83m Hyperref: PDFDocEncoding definition (HO)
)
\Hy@SavedSpaceFactor=\count89

(/usr/local/texlive/2013/texmf-dist/tex/latex/latexconfig/hyperref.cfg
File: hyperref.cfg 2002/06/06 v1.2 hyperref configuration of TeXLive
)
Package hyperref Info: Hyper figures OFF on input line 4443.
Package hyperref Info: Link nesting OFF on input line 4448.
Package hyperref Info: Hyper index ON on input line 4451.
Package hyperref Info: Plain pages OFF on input line 4458.
Package hyperref Info: Backreferencing OFF on input line 4463.
Package hyperref Info: Implicit mode ON; LaTeX internals redefined.
Package hyperref Info: Bookmarks ON on input line 4688.
\c@Hy@tempcnt=\count90

(/usr/local/texlive/2013/texmf-dist/tex/latex/url/url.sty
\Urlmuskip=\muskip10
Package: url 2006/04/12  ver 3.3  Verb mode for urls, etc.
)
LaTeX Info: Redefining \url on input line 5041.
\XeTeXLinkMargin=\dimen104
\Fld@menulength=\count91
\Field@Width=\dimen105
\Fld@charsize=\dimen106
Package hyperref Info: Hyper figures OFF on input line 6295.
Package hyperref Info: Link nesting OFF on input line 6300.
Package hyperref Info: Hyper index ON on input line 6303.
Package hyperref Info: backreferencing OFF on input line 6310.
Package hyperref Info: Link coloring OFF on input line 6315.
Package hyperref Info: Link coloring with OCG OFF on input line 6320.
Package hyperref Info: PDF/A mode OFF on input line 6325.
LaTeX Info: Redefining \ref on input line 6365.
LaTeX Info: Redefining \pageref on input line 6369.
\Hy@abspage=\count92
\c@Item=\count93
\c@Hfootnote=\count94
)

Package hyperref Message: Driver (autodetected): hpdftex.

(/usr/local/texlive/2013/texmf-dist/tex/latex/hyperref/hpdftex.def
File: hpdftex.def 2012/11/06 v6.83m Hyperref driver for pdfTeX
\Fld@listcount=\count95
\c@bookmark@seq@number=\count96

(/usr/local/texlive/2013/texmf-dist/tex/latex/oberdiek/rerunfilecheck.sty
Package: rerunfilecheck 2011/04/15 v1.7 Rerun checks for auxiliary files (HO)
Package uniquecounter Info: New unique counter `rerunfilecheck' on input line 2
82.
)
\Hy@SectionHShift=\skip43
)
(/usr/local/texlive/2013/texmf-dist/tex/latex/tools/array.sty
Package: array 2008/09/09 v2.4c Tabular extension package (FMi)
\col@sep=\dimen107
\extrarowheight=\dimen108
\NC@list=\toks15
\extratabsurround=\skip44
\backup@length=\skip45
)
(/usr/local/texlive/2013/texmf-dist/tex/latex/graphics/graphicx.sty
Package: graphicx 1999/02/16 v1.0f Enhanced LaTeX Graphics (DPC,SPQR)

(/usr/local/texlive/2013/texmf-dist/tex/latex/graphics/graphics.sty
Package: graphics 2009/02/05 v1.0o Standard LaTeX Graphics (DPC,SPQR)

(/usr/local/texlive/2013/texmf-dist/tex/latex/graphics/trig.sty
Package: trig 1999/03/16 v1.09 sin cos tan (DPC)
)
(/usr/local/texlive/2013/texmf-dist/tex/latex/latexconfig/graphics.cfg
File: graphics.cfg 2010/04/23 v1.9 graphics configuration of TeX Live
)
Package graphics Info: Driver file: pdftex.def on input line 91.

(/usr/local/texlive/2013/texmf-dist/tex/latex/pdftex-def/pdftex.def
File: pdftex.def 2011/05/27 v0.06d Graphics/color for pdfTeX
\Gread@gobject=\count97
))
\Gin@req@height=\dimen109
\Gin@req@width=\dimen110
)
(/usr/local/texlive/2013/texmf-dist/tex/latex/float/float.sty
Package: float 2001/11/08 v1.3d Float enhancements (AL)
\c@float@type=\count98
\float@exts=\toks16
\float@box=\box26
\@float@everytoks=\toks17
\@floatcapt=\box27
)
(/usr/local/texlive/2013/texmf-dist/tex/latex/listings/listings.sty
\lst@mode=\count99
\lst@gtempboxa=\box28
\lst@token=\toks18
\lst@length=\count100
\lst@currlwidth=\dimen111
\lst@column=\count101
\lst@pos=\count102
\lst@lostspace=\dimen112
\lst@width=\dimen113
\lst@newlines=\count103
\lst@lineno=\count104
\lst@maxwidth=\dimen114

(/usr/local/texlive/2013/texmf-dist/tex/latex/listings/lstmisc.sty
File: lstmisc.sty 2007/02/22 1.4 (Carsten Heinz)
\c@lstnumber=\count105
\lst@skipnumbers=\count106
\lst@framebox=\box29
)
(/usr/local/texlive/2013/texmf-dist/tex/latex/listings/listings.cfg
File: listings.cfg 2007/02/22 1.4 listings configuration
))
Package: listings 2007/02/22 1.4 (Carsten Heinz)

(/usr/local/texlive/2013/texmf-dist/tex/latex/graphics/color.sty
Package: color 2005/11/14 v1.0j Standard LaTeX Color (DPC)

(/usr/local/texlive/2013/texmf-dist/tex/latex/latexconfig/color.cfg
File: color.cfg 2007/01/18 v1.5 color configuration of teTeX/TeXLive
)
Package color Info: Driver file: pdftex.def on input line 130.
)
(/usr/local/texlive/2013/texmf-dist/tex/latex/natbib/natbib.sty
Package: natbib 2010/09/13 8.31b (PWD, AO)
\bibhang=\skip46
\bibsep=\skip47
LaTeX Info: Redefining \cite on input line 694.
\c@NAT@ctr=\count107
)
(/usr/local/texlive/2013/texmf-dist/tex/latex/pdfpages/pdfpages.sty
Package: pdfpages 2012/08/31 v0.4t Insert pages of external PDF documents (AM)

(/usr/local/texlive/2013/texmf-dist/tex/latex/base/ifthen.sty
Package: ifthen 2001/05/26 v1.1c Standard LaTeX ifthen package (DPC)
)
(/usr/local/texlive/2013/texmf-dist/tex/latex/tools/calc.sty
Package: calc 2007/08/22 v4.3 Infix arithmetic (KKT,FJ)
\calc@Acount=\count108
\calc@Bcount=\count109
\calc@Adimen=\dimen115
\calc@Bdimen=\dimen116
\calc@Askip=\skip48
\calc@Bskip=\skip49
LaTeX Info: Redefining \setlength on input line 76.
LaTeX Info: Redefining \addtolength on input line 77.
\calc@Ccount=\count110
\calc@Cskip=\skip50
)
(/usr/local/texlive/2013/texmf-dist/tex/latex/eso-pic/eso-pic.sty
Package: eso-pic 2010/10/06 v2.0c eso-pic (RN)
)
(/usr/local/texlive/2013/texmf-dist/tex/latex/pdfpages/pppdftex.def
File: pppdftex.def 2012/08/31 v0.4t Pdfpages driver for pdfTeX (AM)
)
\AM@pagebox=\box30
\AM@toc@title=\toks19
\c@AM@survey=\count111
\AM@templatesizebox=\box31
)
\@float@every@listing=\toks20
\c@listing=\count112

(./index.aux)
\openout1 = `index.aux'.

LaTeX Font Info:    Checking defaults for OML/cmm/m/it on input line 40.
LaTeX Font Info:    ... okay on input line 40.
LaTeX Font Info:    Checking defaults for T1/cmr/m/n on input line 40.
LaTeX Font Info:    ... okay on input line 40.
LaTeX Font Info:    Checking defaults for OT1/cmr/m/n on input line 40.
LaTeX Font Info:    ... okay on input line 40.
LaTeX Font Info:    Checking defaults for OMS/cmsy/m/n on input line 40.
LaTeX Font Info:    ... okay on input line 40.
LaTeX Font Info:    Checking defaults for OMX/cmex/m/n on input line 40.
LaTeX Font Info:    ... okay on input line 40.
LaTeX Font Info:    Checking defaults for U/cmr/m/n on input line 40.
LaTeX Font Info:    ... okay on input line 40.
LaTeX Font Info:    Checking defaults for PD1/pdf/m/n on input line 40.
LaTeX Font Info:    ... okay on input line 40.
\AtBeginShipoutBox=\box32
Package hyperref Info: Link coloring OFF on input line 40.

(/usr/local/texlive/2013/texmf-dist/tex/latex/hyperref/nameref.sty
Package: nameref 2012/10/27 v2.43 Cross-referencing by name of section

(/usr/local/texlive/2013/texmf-dist/tex/generic/oberdiek/gettitlestring.sty
Package: gettitlestring 2010/12/03 v1.4 Cleanup title references (HO)
)
\c@section@level=\count113
)
LaTeX Info: Redefining \ref on input line 40.
LaTeX Info: Redefining \pageref on input line 40.
LaTeX Info: Redefining \nameref on input line 40.

(./index.out) (./index.out)
\@outlinefile=\write3
\openout3 = `index.out'.


(/usr/local/texlive/2013/texmf-dist/tex/context/base/supp-pdf.mkii
[Loading MPS to PDF converter (version 2006.09.02).]
\scratchcounter=\count114
\scratchdimen=\dimen117
\scratchbox=\box33
\nofMPsegments=\count115
\nofMParguments=\count116
\everyMPshowfont=\toks21
\MPscratchCnt=\count117
\MPscratchDim=\dimen118
\MPnumerator=\count118
\makeMPintoPDFobject=\count119
\everyMPtoPDFconversion=\toks22
) (/usr/local/texlive/2013/texmf-dist/tex/latex/oberdiek/epstopdf-base.sty
Package: epstopdf-base 2010/02/09 v2.5 Base part for package epstopdf

(/usr/local/texlive/2013/texmf-dist/tex/latex/oberdiek/grfext.sty
Package: grfext 2010/08/19 v1.1 Manage graphics extensions (HO)
)
Package grfext Info: Graphics extension search list:
(grfext)             [.png,.pdf,.jpg,.mps,.jpeg,.jbig2,.jb2,.PNG,.PDF,.JPG,.JPE
G,.JBIG2,.JB2,.eps]
(grfext)             \AppendGraphicsExtensions on input line 452.

(/usr/local/texlive/2013/texmf-dist/tex/latex/latexconfig/epstopdf-sys.cfg
File: epstopdf-sys.cfg 2010/07/13 v1.3 Configuration of (r)epstopdf for TeX Liv
e
))
\c@lstlisting=\count120
Package color Info: Redefining color red on input line 43.
Package color Info: Redefining color green on input line 44.

(/usr/local/texlive/2013/texmf-dist/tex/latex/listings/lstlang1.sty
File: lstlang1.sty 2004/09/05 1.3 listings language file
)
LaTeX Font Info:    External font `cmex10' loaded for size
(Font)              <12> on input line 55.
LaTeX Font Info:    External font `cmex10' loaded for size
(Font)              <8> on input line 55.
LaTeX Font Info:    External font `cmex10' loaded for size
(Font)              <6> on input line 55.
 [1

{/usr/local/texlive/2013/texmf-var/fonts/map/pdftex/updmap/pdftex.map}] [2]
(./index.toc
LaTeX Font Info:    External font `cmex10' loaded for size
(Font)              <7> on input line 2.
LaTeX Font Info:    External font `cmex10' loaded for size
(Font)              <5> on input line 2.
)
\tf@toc=\write4
\openout4 = `index.toc'.

 [3] (./Chapter/Introduction.tex
LaTeX Font Info:    Try loading font information for OMS+cmr on input line 17.

(/usr/local/texlive/2013/texmf-dist/tex/latex/base/omscmr.fd
File: omscmr.fd 1999/05/25 v2.5h Standard LaTeX font definitions
)
LaTeX Font Info:    Font shape `OMS/cmr/m/n' in size <10> not available
(Font)              Font shape `OMS/cmsy/m/n' tried instead on input line 17.
 [4])
(./Chapter/Background.tex
Missing character: There is no ‚ in font cmr10!
Missing character: There is no Ä in font cmr10!
Missing character: There is no ú in font cmr10!
Missing character: There is no ‚ in font cmr10!
Missing character: There is no Ä in font cmr10!
Missing character: There is no ù in font cmr10!
 [5]) (./Chapter/Approach_and_Methods.tex)
(./Chapter/Approach_and_Methods/Overview.tex [6])
(./Chapter/Approach_and_Methods/Vital_life_signs_for_DNSSEC.tex)
(./Chapter/Approach_and_Methods/SNMP_MIB_module_design.tex [7]
Underfull \hbox (badness 10000) in paragraph at lines 19--21

 []

[8]) (./Chapter/Results.tex) (./Chapter/Results/Data_collection.tex [9]
Overfull \hbox (64.49643pt too wide) in paragraph at lines 33--33
[]        \OT1/cmtt/m/n/10 <data id="2" name="dnssecZoneGlobalServFail" type="I
nteger32"> </data>[] 
 []

Package hyperref Info: bookmark level for unknown listing defaults to 0 on inpu
t line 34.

Overfull \hbox (11.99689pt too wide) in paragraph at lines 48--48
[]\OT1/cmtt/m/n/10 {'warsaw.practicum.os3.nl_dnssecZoneSigTable_4': '"201612121
21212"',[] 
 []


Overfull \hbox (6.74693pt too wide) in paragraph at lines 48--48
[]\OT1/cmtt/m/n/10 'warsaw.practicum.os3.nl_dnssecZoneSigTable_3': '"2016121212
1212"',[] 
 []


Overfull \hbox (6.74693pt too wide) in paragraph at lines 48--48
[]\OT1/cmtt/m/n/10 'warsaw.practicum.os3.nl_dnssecZoneSigTable_2': '"2015011214
2419"',[] 
 []

[10]

LaTeX Warning: Reference `table' on page 11 undefined on input line 52.

) (./Chapter/Results/DNSSEC_SNMP_MIB_implementation.tex
Overfull \hbox (49.99298pt too wide) in paragraph at lines 5--6
\OT1/cmr/m/n/10 DNSSEC-MIBv1 and is as-so-ci-ated to the nu-mer-i-cal OID \OT1/
cmr/m/it/10 .1.3.6.1.4.1.44469.666.53.46.161.1\OT1/cmr/m/n/10 .
 []

<Images/oid-tree.pdf, id=258, 1045.9075pt x 511.9125pt>
File: Images/oid-tree.pdf Graphic file (type pdf)

<use Images/oid-tree.pdf>
Package pdftex.def Info: Images/oid-tree.pdf used on input line 9.
(pdftex.def)             Requested size: 418.35559pt x 204.76137pt.

Overfull \hbox (73.35559pt too wide) in paragraph at lines 9--10
 [][] 
 []

[11]
Underfull \hbox (badness 10000) in paragraph at lines 15--17

 []

[12pdfTeX warning (ext4): destination with the same identifier (name{figure.1})
 has been already used, duplicate ignored

\AtBegShi@Output ...ipout \box \AtBeginShipoutBox 
                                                  \fi \fi 
l.29 
      <./Images/oid-tree.pdf>] [13] [14]
<Images/tc1.pdf, id=296, 729.72626pt x 383.4325pt>
File: Images/tc1.pdf Graphic file (type pdf)
 <use Images/tc1.pdf>
Package pdftex.def Info: Images/tc1.pdf used on input line 89.
(pdftex.def)             Requested size: 364.86224pt x 191.71577pt.

Overfull \hbox (19.86224pt too wide) in paragraph at lines 89--90
 [][] 
 []

[15pdfTeX warning (ext4): destination with the same identifier (name{figure.2})
 has been already used, duplicate ignored

\AtBegShi@Output ...ipout \box \AtBeginShipoutBox 
                                                  \fi \fi 
l.98 
      <./Images/tc1.pdf>]) (./Chapter/Results/SNMP_Subagent_implementation.tex
<Images/workflow.pdf, id=393, 542.025pt x 554.07pt>
File: Images/workflow.pdf Graphic file (type pdf)
 <use Images/workflow.pdf>
Package pdftex.def Info: Images/workflow.pdf used on input line 29.
(pdftex.def)             Requested size: 271.01183pt x 277.03432pt.

[16pdfTeX warning (ext4): destination with the same identifier (name{table.1}) 
has been already used, duplicate ignored

\AtBegShi@Output ...ipout \box \AtBeginShipoutBox 
                                                  \fi \fi 
l.33 
     pdfTeX warning (ext4): destination with the same identifier (name{table.2}
) has been already used, duplicate ignored

\AtBegShi@Output ...ipout \box \AtBeginShipoutBox 
                                                  \fi \fi 
l.33 
     ] <Images/topology3.pdf, id=403, 498.663pt x 418.20241pt>
File: Images/topology3.pdf Graphic file (type pdf)

<use Images/topology3.pdf>
Package pdftex.def Info: Images/topology3.pdf used on input line 40.
(pdftex.def)             Requested size: 349.0617pt x 292.73969pt.

Overfull \hbox (4.0617pt too wide) in paragraph at lines 40--41
 [][] 
 []

[17pdfTeX warning (ext4): destination with the same identifier (name{figure.3})
 has been already used, duplicate ignored

\AtBegShi@Output ...ipout \box \AtBeginShipoutBox 
                                                  \fi \fi 
l.44 
      <./Images/workflow.pdf>])
(./Chapter/Results/Conduct_DNSSEC_monitoring.tex [18pdfTeX warning (ext4): dest
ination with the same identifier (name{figure.4}) has been already used, duplic
ate ignored

\AtBegShi@Output ...ipout \box \AtBeginShipoutBox 
                                                  \fi \fi 
l.9 
     <./Images/topology3.pdf>]
<Images/nagios.pdf, id=468, 1359.0775pt x 86.3225pt>
File: Images/nagios.pdf Graphic file (type pdf)
 <use Images/nagios.pdf>
Package pdftex.def Info: Images/nagios.pdf used on input line 12.
(pdftex.def)             Requested size: 407.7264pt x 25.89694pt.

Overfull \hbox (62.7264pt too wide) in paragraph at lines 12--13
 [][] 
 []

) (./Chapter/Conclusion.tex) (./Chapter/Future_Work.tex)
(./Chapter/Acknowledgments.tex) (./Chapter/References.tex
Underfull \hbox (badness 6032) in paragraph at lines 6--7
[]\OT1/cmr/m/n/10 Dagmar Hilmars-dot-tir, \OT1/cmr/m/it/10 not ex-haus-tive lis
t of DNSSEC mon-i-tor-
 []


Underfull \hbox (badness 10000) in paragraph at lines 6--7
\OT1/cmr/m/it/10 ing tools\OT1/cmr/m/n/10 , May 2011, []$\OT1/cmtt/m/n/10 info 
. menandmice . com / blog / bid / 58099 /
 []

[19pdfTeX warning (ext4): destination with the same identifier (name{figure.5})
 has been already used, duplicate ignored

\AtBegShi@Output ...ipout \box \AtBeginShipoutBox 
                                                  \fi \fi 
l.12 \bibitem{smiv2}
                     RFC2578, {\em Structure of Management Information Versi...
 <./Images/nagios.pdf>]
Underfull \hbox (badness 2012) in paragraph at lines 16--17
[]\OT1/cmr/m/n/10 T. Perkins, \OT1/cmr/m/it/10 Un-der-stand-ing SNMP MIBs Re-vi
-sion 1.1.7 \OT1/cmr/m/n/10 ,Septem-ber
 []


Underfull \hbox (badness 10000) in paragraph at lines 16--17
\OT1/cmr/m/n/10 1993, []$\OT1/cmtt/m/n/10 http : / / www . dsc . ufcg . edu . b
r / []jacques / cursos / gr / recursos /
 []


Underfull \hbox (badness 1694) in paragraph at lines 19--20
[]\OT1/cmr/m/n/10 dnspython, \OT1/cmr/m/it/10 DNS toolkit for Python\OT1/cmr/m/
n/10 , Septem-ber 2013, []$\OT1/cmtt/m/n/10 http : / / www .
 []


Underfull \hbox (badness 10000) in paragraph at lines 27--28
[]\OT1/cmr/m/n/10 Python Soft-ware Foun-da-tion, \OT1/cmr/m/it/10 XPath Sup-por
t\OT1/cmr/m/n/10 , Jan-uary 2015,
 []


Underfull \hbox (badness 10000) in paragraph at lines 27--28
[]$\OT1/cmtt/m/n/10 https : / / docs . python . org / 2 / library / xml . etree
 . elementtree . html #
 []

[20]
Underfull \hbox (badness 10000) in paragraph at lines 31--32
[]\OT1/cmr/m/n/10 draft-ietf-idn-idne-00, \OT1/cmr/m/it/10 In-ter-na-tion-al-iz
ed do-main names us-ing
 []


Underfull \hbox (badness 10000) in paragraph at lines 31--32
\OT1/cmr/m/it/10 EDNS (IDNE)\OT1/cmr/m/n/10 , July 2000, []$\OT1/cmtt/m/n/10 ht
tps : / / tools . ietf . org / html /
 []

) (./Chapter/Appendices.tex)
Package atveryend Info: Empty hook `BeforeClearDocument' on input line 85.
 [21]
Package atveryend Info: Empty hook `AfterLastShipout' on input line 85.
 (./index.aux)
Package atveryend Info: Executing hook `AtVeryEndDocument' on input line 85.
Package atveryend Info: Executing hook `AtEndAfterFileList' on input line 85.
Package rerunfilecheck Info: File `index.out' has not changed.
(rerunfilecheck)             Checksum: CC4BA389C69B540BD43F7947C67B3472;1764.


LaTeX Warning: There were undefined references.

Package atveryend Info: Empty hook `AtVeryVeryEnd' on input line 85.
 ) 
Here is how much of TeX's memory you used:
 7796 strings out of 493315
 116154 string characters out of 6137904
 227081 words of memory out of 5000000
 11027 multiletter control sequences out of 15000+600000
 9704 words of font info for 35 fonts, out of 8000000 for 9000
 957 hyphenation exceptions out of 8191
 29i,10n,40p,1417b,508s stack positions out of 5000i,500n,10000p,200000b,80000s
</usr/local/texlive/2013/texmf-dist/fonts/type1/public/amsfonts/cm/cmbx10.pfb
></usr/local/texlive/2013/texmf-dist/fonts/type1/public/amsfonts/cm/cmbx12.pfb>
</usr/local/texlive/2013/texmf-dist/fonts/type1/public/amsfonts/cm/cmbx9.pfb></
usr/local/texlive/2013/texmf-dist/fonts/type1/public/amsfonts/cm/cmr10.pfb></us
r/local/texlive/2013/texmf-dist/fonts/type1/public/amsfonts/cm/cmr12.pfb></usr/
local/texlive/2013/texmf-dist/fonts/type1/public/amsfonts/cm/cmr17.pfb></usr/lo
cal/texlive/2013/texmf-dist/fonts/type1/public/amsfonts/cm/cmr6.pfb></usr/local
/texlive/2013/texmf-dist/fonts/type1/public/amsfonts/cm/cmr7.pfb></usr/local/te
xlive/2013/texmf-dist/fonts/type1/public/amsfonts/cm/cmr8.pfb></usr/local/texli
ve/2013/texmf-dist/fonts/type1/public/amsfonts/cm/cmr9.pfb></usr/local/texlive/
2013/texmf-dist/fonts/type1/public/amsfonts/cm/cmsy10.pfb></usr/local/texlive/2
013/texmf-dist/fonts/type1/public/amsfonts/cm/cmti10.pfb></usr/local/texlive/20
13/texmf-dist/fonts/type1/public/amsfonts/cm/cmti8.pfb></usr/local/texlive/2013
/texmf-dist/fonts/type1/public/amsfonts/cm/cmtt10.pfb></usr/local/texlive/2013/
texmf-dist/fonts/type1/public/amsfonts/cm/cmtt12.pfb></usr/local/texlive/2013/t
exmf-dist/fonts/type1/public/amsfonts/cm/cmtt9.pfb>
Output written on index.pdf (21 pages, 634299 bytes).
PDF statistics:
 622 PDF objects out of 1000 (max. 8388607)
 518 compressed objects within 6 object streams
 96 named destinations out of 1000 (max. 500000)
 242 words of extra memory for PDF output out of 10000 (max. 10000000)

